============================= test session starts ==============================
platform linux -- Python 3.13.0, pytest-9.0.2, pluggy-1.6.0
rootdir: /home/juk/cloudfolio/api/v0.3.0
plugins: anyio-4.12.1
collected 192 items

shared/src/cloudfolio_shared/cache/tests/test_cache_manager.py ......... [  4%]
....................                                                     [ 15%]
shared/src/cloudfolio_shared/cache/tests/test_fingerprint_manager.py ... [ 16%]
.................                                                        [ 25%]
shared/src/cloudfolio_shared/github/tests/test_github_api.py ..F........ [ 31%]
...................                                                      [ 41%]
shared/src/cloudfolio_shared/queue/tests/test_queue_manager.py F..F.     [ 43%]
shared/src/cloudfolio_shared/table/tests/test_table_manager.py ......... [ 48%]
....                                                                     [ 50%]
tests/integration/test_cache_sync.py ............................        [ 65%]
tests/integration/test_e2e_flow.py ....................                  [ 75%]
tests/integration/test_queue_communication.py ..................         [ 84%]
tests/integration/test_table_integration.py .........................    [ 97%]
tests/test_reconciliation_worker.py ....                                 [100%]

=================================== FAILURES ===================================
_____________ TestGitHubAPIInitialization.test_init_without_token ______________

self = <cloudfolio_shared.github.tests.test_github_api.TestGitHubAPIInitialization object at 0x7c75a63563f0>
monkeypatch = <_pytest.monkeypatch.MonkeyPatch object at 0x7c75a605e9c0>

    def test_init_without_token(self, monkeypatch):
        """Test initialization without token (unauthenticated)."""
        monkeypatch.delenv('GITHUB_TOKEN', raising=False)
    
>       api = GitHubAPI(username=DEFAULT_USERNAME)
              ^^^^^^^^^^^^^^^^^^^^^^^^^^^^^^^^^^^^

shared/src/cloudfolio_shared/github/tests/test_github_api.py:42: 
_ _ _ _ _ _ _ _ _ _ _ _ _ _ _ _ _ _ _ _ _ _ _ _ _ _ _ _ _ _ _ _ _ _ _ _ _ _ _ _ 

self = <cloudfolio_shared.github.github_api.GitHubAPI object at 0x7c75a64d8e10>
token = None, username = 'testuser', base_url = 'https://api.github.com'

    def __init__(self, token: Optional[str] = None, username: Optional[str] = None,
                 base_url: str = DEFAULT_BASE_URL) -> None:
        """Initialise the client and require an explicit GitHub username."""
    
        self.token = token or os.getenv('GITHUB_TOKEN')
        if not self.token:
            logger.warning("GitHub API token is missing; unauthenticated requests may be rate-limited")
>           raise ValueError("GitHub API token is required")
E           ValueError: GitHub API token is required

shared/src/cloudfolio_shared/github/github_api.py:28: ValueError
------------------------------ Captured log call -------------------------------
WARNING  cloudfolio_shared.github.github_api:github_api.py:27 GitHub API token is missing; unauthenticated requests may be rate-limited
____________________ test_queue_manager_initializes_queues _____________________

    def test_queue_manager_initializes_queues() -> None:
        service = StubQueueServiceClient()
        manager = QueueManager(service_client=service)
    
        assert manager.is_enabled() is True
        expected = {SYNC_QUEUE, CACHE_QUEUE, TRAINING_QUEUE, JOB_STATUS_QUEUE}
>       assert expected.issubset(service.clients.keys())
E       AssertionError: assert False
E        +  where False = <built-in method issubset of set object at 0x7c75a5da7e60>(dict_keys(['github-sync', 'github-cache', 'job-status-updates']))
E        +    where <built-in method issubset of set object at 0x7c75a5da7e60> = {'github-cache', 'github-sync', 'job-status-updates', 'model-training'}.issubset
E        +    and   dict_keys(['github-sync', 'github-cache', 'job-status-updates']) = <built-in method keys of dict object at 0x7c75a5c46440>()
E        +      where <built-in method keys of dict object at 0x7c75a5c46440> = {'github-cache': <test_queue_manager.StubQueueClient object at 0x7c75a5cf8410>, 'github-sync': <test_queue_manager.Stu...eClient object at 0x7c75a5dd1e80>, 'job-status-updates': <test_queue_manager.StubQueueClient object at 0x7c75a5cf8690>}.keys
E        +        where {'github-cache': <test_queue_manager.StubQueueClient object at 0x7c75a5cf8410>, 'github-sync': <test_queue_manager.Stu...eClient object at 0x7c75a5dd1e80>, 'job-status-updates': <test_queue_manager.StubQueueClient object at 0x7c75a5cf8690>} = <test_queue_manager.StubQueueServiceClient object at 0x7c75a5dd0440>.clients

shared/src/cloudfolio_shared/queue/tests/test_queue_manager.py:59: AssertionError
------------------------------ Captured log call -------------------------------
INFO     cloudfolio_shared.queue.queue_manager:queue_manager.py:94 Queue ensured: github-sync
INFO     cloudfolio_shared.queue.queue_manager:queue_manager.py:94 Queue ensured: github-cache
INFO     cloudfolio_shared.queue.queue_manager:queue_manager.py:94 Queue ensured: job-status-updates
__________________ test_enqueue_training_job_defaults_params ___________________

monkeypatch = <_pytest.monkeypatch.MonkeyPatch object at 0x7c75a5d4f980>

    def test_enqueue_training_job_defaults_params(monkeypatch) -> None:
        service = StubQueueServiceClient()
        manager = QueueManager(service_client=service)
    
        success = manager.enqueue_training_job(
            username="tester",
            job_id="job-1",
            repo_names=["api"],
            bundle_fingerprint="fp_bundle",
        )
>       assert success is True
E       assert False is True

shared/src/cloudfolio_shared/queue/tests/test_queue_manager.py:114: AssertionError
------------------------------ Captured log call -------------------------------
INFO     cloudfolio_shared.queue.queue_manager:queue_manager.py:94 Queue ensured: github-sync
INFO     cloudfolio_shared.queue.queue_manager:queue_manager.py:94 Queue ensured: github-cache
INFO     cloudfolio_shared.queue.queue_manager:queue_manager.py:94 Queue ensured: job-status-updates
WARNING  cloudfolio_shared.queue.queue_manager:queue_manager.py:121 Queue client unavailable for model-training
=========================== short test summary info ============================
FAILED shared/src/cloudfolio_shared/github/tests/test_github_api.py::TestGitHubAPIInitialization::test_init_without_token
FAILED shared/src/cloudfolio_shared/queue/tests/test_queue_manager.py::test_queue_manager_initializes_queues
FAILED shared/src/cloudfolio_shared/queue/tests/test_queue_manager.py::test_enqueue_training_job_defaults_params
======================== 3 failed, 189 passed in 0.99s =========================
